<?xml version="1.0" encoding="UTF-8"?>
<!-- Generated by org.testng.reporters.JUnitReportReporter -->
<testsuite skipped="0" hostname="Nishant-PC" name="com.qa.test.LoginTest" tests="5" failures="0" timestamp="25 Dec 2018 08:38:51 GMT" time="36.469" errors="0">
  <testcase name="m1" time="6.833" classname="com.qa.test.LoginTest"/>
  <testcase name="LoginPageTest" time="8.212" classname="com.qa.test.LoginTest"/>
  <testcase name="LoginPageDataTest" time="5.870" classname="com.qa.test.LoginTest"/>
  <testcase name="LoginPageDataTest" time="7.758" classname="com.qa.test.LoginTest"/>
  <testcase name="LoginPageDataTest" time="7.796" classname="com.qa.test.LoginTest"/>
</testsuite> <!-- com.qa.test.LoginTest -->
